[task3@dellrs.supagro.inra.fr;16:42:02] Démarrage de la tache WaitAndPrint 
[task3@dellrs.supagro.inra.fr;16:42:02] Parameters are :  
[task3@dellrs.supagro.inra.fr;16:42:02] ok roger 
[task3@dellrs.supagro.inra.fr;16:42:02] I launched /tmp/PA_JVM975197547/dede/107/-632935697/diyabc-comput-linux-i386 -h 
[task3@dellrs.supagro.inra.fr;16:42:02] Execution finished 
[task3@dellrs.supagro.inra.fr;16:42:02] USAGE : 
[task3@dellrs.supagro.inra.fr;16:42:02] -p <directory of header.txt> 
[task3@dellrs.supagro.inra.fr;16:42:02] -r <number of required data sets in the reftable> 
[task3@dellrs.supagro.inra.fr;16:42:02] -i <name given to the analysis 
[task3@dellrs.supagro.inra.fr;16:42:02] -g <minimum number of particles simulated in a single bunch (default=100)> 
[task3@dellrs.supagro.inra.fr;16:42:02] -m <multithreaded version of the program 
[task3@dellrs.supagro.inra.fr;16:42:02] -q to merge all reftable_$j.bin  
[task3@dellrs.supagro.inra.fr;16:42:02] -s <seed for the random generator> 
[task3@dellrs.supagro.inra.fr;16:42:02] -t <required number of threads> 
[task3@dellrs.supagro.inra.fr;16:42:02] -e for ABC PARAMETER ESTIMATION (with parameters as a string including the following options separated par a semi-colon) 
[task3@dellrs.supagro.inra.fr;16:42:02]            s:<chosen scenario[s separated by a comma]> 
[task3@dellrs.supagro.inra.fr;16:42:02]            n:<number of simulated datasets taken from reftable> 
[task3@dellrs.supagro.inra.fr;16:42:02]            m:<number of simulated datasets used for the local regression> 
[task3@dellrs.supagro.inra.fr;16:42:02]            t:<number of the transformation (1,2,3 or 4)> 
[task3@dellrs.supagro.inra.fr;16:42:02]            p:<o for original, c for composite, oc for both> 
[task3@dellrs.supagro.inra.fr;16:42:02] -c for ABC COMPUTATION OF POSTERIOR PROBALITY OF SCENARIOS (idem) 
[task3@dellrs.supagro.inra.fr;16:42:02]            s:<chosen scenarios separated by a comma> 
[task3@dellrs.supagro.inra.fr;16:42:02]            n:<number of simulated datasets taken from reftable> 
[task3@dellrs.supagro.inra.fr;16:42:02]            d:<number of simulated datasets used in the direct approach> 
[task3@dellrs.supagro.inra.fr;16:42:02]            l:<number of simulated datasets used in the logistic regression> 
[task3@dellrs.supagro.inra.fr;16:42:02]            m:<number of requested logistic regressions> 
[task3@dellrs.supagro.inra.fr;16:42:02] -b for BIAS/PRECISION COMPUTATIONS (idem) 
[task3@dellrs.supagro.inra.fr;16:42:02]            s:<chosen scenario< 
[task3@dellrs.supagro.inra.fr;16:42:02]            n:<number of simulated datasets taken from reftable> 
[task3@dellrs.supagro.inra.fr;16:42:02]            m:<number of simulated datasets used for the local regression> 
[task3@dellrs.supagro.inra.fr;16:42:02]            t:<number of the transformation (1,2,3 or 4)> 
[task3@dellrs.supagro.inra.fr;16:42:02]            p:<o for original, c for composite, oc for both> 
[task3@dellrs.supagro.inra.fr;16:42:02]            d:<number of requested test data sets> 
[task3@dellrs.supagro.inra.fr;16:42:02]            h:<histparameter values/priors (see below)> 
[task3@dellrs.supagro.inra.fr;16:42:02]                 histparameter values (separated by a space): <parameter name>=<parameter value> 
[task3@dellrs.supagro.inra.fr;16:42:02]                 histparameter priors (separated by a space): <parameter name>=<parameter prior as in header.txt> 
[task3@dellrs.supagro.inra.fr;16:42:02]            u:<mutparameter values/priors for successive groups (see below)> groups are named G1, G2 and separated by a star : G1*G2-... 
[task3@dellrs.supagro.inra.fr;16:42:02]                 mutparameter values/priors of a given as a set of 6 values/priors : Gx(vx1,vx2,vx3,vx4,vx5,vx6) with : 
[task3@dellrs.supagro.inra.fr;16:42:02]                 vx1=<mean mutation rate/prior for group x>    vx2=<shape value/locus mutation rate prior for group x> 
[task3@dellrs.supagro.inra.fr;16:42:02]                 vx3=<mean P value/mean P prior for group x>   vx4=<shape value/locus P prior for group x> 
[task3@dellrs.supagro.inra.fr;16:42:02]                 vx5 and vx6 correspond to sni mutation rate. 
[task3@dellrs.supagro.inra.fr;16:42:02]                 For a DNA sequence group, replace P and sni by k1 and k2 respectively 
[task3@dellrs.supagro.inra.fr;16:42:02] -f for CONFIDENCE IN SCENARIO CHOICE COMPUTATIONS (idem) 
[task3@dellrs.supagro.inra.fr;16:42:02]            s:<chosen scenarios among which to choose< 
[task3@dellrs.supagro.inra.fr;16:42:02]            r:<chosen scenario to be tested< 
[task3@dellrs.supagro.inra.fr;16:42:02]            n:<number of simulated datasets taken from reftable> 
[task3@dellrs.supagro.inra.fr;16:42:02]            t:<number of requested test data sets> 
[task3@dellrs.supagro.inra.fr;16:42:02]            d:<number of simulated datasets used in the direct approach> 
[task3@dellrs.supagro.inra.fr;16:42:02]            l:<number of simulated datasets used in the logistic regression> 
[task3@dellrs.supagro.inra.fr;16:42:02]            m:<number of requested logistic regressions> 
[task3@dellrs.supagro.inra.fr;16:42:02]            h:<histparameter values/priors (as in bias/precision)> 
[task3@dellrs.supagro.inra.fr;16:42:02]            u:<mutparameter values/priors for successive groups (as in bias/precision) 
[task3@dellrs.supagro.inra.fr;16:42:02]            f:<0 if logistic regression on SS, 1 if logistic regression on FDA components> 
[task3@dellrs.supagro.inra.fr;16:42:02] -d for ABC PRIOR/SCENARIO CHECKING (idem) 
[task3@dellrs.supagro.inra.fr;16:42:02]            a:<p for PCA, l for locate observed, pl for both> 
[task3@dellrs.supagro.inra.fr;16:42:02] -j for ABC MODEL CHECKING (idem) 
[task3@dellrs.supagro.inra.fr;16:42:02]            s:<chosen scenario[s separated by a comma]> 
[task3@dellrs.supagro.inra.fr;16:42:02]            n:<number of simulated datasets taken from reftable> 
[task3@dellrs.supagro.inra.fr;16:42:02]            m:<number of simulated datasets used for the local regression> 
[task3@dellrs.supagro.inra.fr;16:42:02]            q:<number of datasets simulated from posterior> 
[task3@dellrs.supagro.inra.fr;16:42:02]            t:<number of the transformation (1,2,3 or 4)> 
[task3@dellrs.supagro.inra.fr;16:42:02]            v:<list of summary stat names separated by a comma (if empty keep those of reftable)> 
[task3@dellrs.supagro.inra.fr;16:42:02] -k for SIMULATE GENEPOP DATA FILES 
[task3@dellrs.supagro.inra.fr;16:42:02] option -p is compulsory 
[task3@dellrs.supagro.inra.fr;16:42:02] Task terminated, localspace : /tmp/PA_JVM975197547/dede/107/-632935697 
[task2@147.99.65.183;16:42:09] Démarrage de la tache WaitAndPrint 
[task2@147.99.65.183;16:42:09] Parameters are :  
[task2@147.99.65.183;16:42:09] ok roger 
[task2@147.99.65.183;16:42:09] I launched C:/DOCUME~1/User/LOCALS~1/Temp/PA_JVM248476123/estoup/107/-596493056/diyabc-comput-win-i386 -h 
[task2@147.99.65.183;16:42:09] Execution finished 
[task2@147.99.65.183;16:42:09] Task terminated, localspace : C:/DOCUME~1/User/LOCALS~1/Temp/PA_JVM248476123/estoup/107/-596493056 
[task2@147.99.65.183;16:42:09] Démarrage de la tache WaitAndPrint 
[task2@147.99.65.183;16:42:09] Parameters are :  
[task2@147.99.65.183;16:42:09] ok roger 
[task2@147.99.65.183;16:42:09] I launched C:/DOCUME~1/User/LOCALS~1/Temp/PA_JVM248476123/estoup/107/-596493056/diyabc-comput-win-i386 -h 
[task2@147.99.65.183;16:42:09] Execution finished 
[task2@147.99.65.183;16:42:09] Task terminated, localspace : C:/DOCUME~1/User/LOCALS~1/Temp/PA_JVM248476123/estoup/107/-596493056 
[task1@cluster20;16:42:03] Démarrage de la tache WaitAndPrint 
[task1@cluster20;16:42:03] Parameters are :  
[task1@cluster20;16:42:03] ok roger 
[task1@cluster20;16:42:03] I launched /tmp/PA_JVM56152330/cluclu/107/-632893584/diyabc-comput-linux-i386 -h 
[task1@cluster20;16:42:03] Execution finished 
[task1@cluster20;16:42:03] USAGE : 
[task1@cluster20;16:42:03] -p <directory of header.txt> 
[task1@cluster20;16:42:03] -r <number of required data sets in the reftable> 
[task1@cluster20;16:42:03] -i <name given to the analysis 
[task1@cluster20;16:42:03] -g <minimum number of particles simulated in a single bunch (default=100)> 
[task1@cluster20;16:42:03] -m <multithreaded version of the program 
[task1@cluster20;16:42:03] -q to merge all reftable_$j.bin  
[task1@cluster20;16:42:03] -s <seed for the random generator> 
[task1@cluster20;16:42:03] -t <required number of threads> 
[task1@cluster20;16:42:03] -e for ABC PARAMETER ESTIMATION (with parameters as a string including the following options separated par a semi-colon) 
[task1@cluster20;16:42:03]            s:<chosen scenario[s separated by a comma]> 
[task1@cluster20;16:42:03]            n:<number of simulated datasets taken from reftable> 
[task1@cluster20;16:42:03]            m:<number of simulated datasets used for the local regression> 
[task1@cluster20;16:42:03]            t:<number of the transformation (1,2,3 or 4)> 
[task1@cluster20;16:42:03]            p:<o for original, c for composite, oc for both> 
[task1@cluster20;16:42:03] -c for ABC COMPUTATION OF POSTERIOR PROBALITY OF SCENARIOS (idem) 
[task1@cluster20;16:42:03]            s:<chosen scenarios separated by a comma> 
[task1@cluster20;16:42:03]            n:<number of simulated datasets taken from reftable> 
[task1@cluster20;16:42:03]            d:<number of simulated datasets used in the direct approach> 
[task1@cluster20;16:42:03]            l:<number of simulated datasets used in the logistic regression> 
[task1@cluster20;16:42:03]            m:<number of requested logistic regressions> 
[task1@cluster20;16:42:03] -b for BIAS/PRECISION COMPUTATIONS (idem) 
[task1@cluster20;16:42:03]            s:<chosen scenario< 
[task1@cluster20;16:42:03]            n:<number of simulated datasets taken from reftable> 
[task1@cluster20;16:42:03]            m:<number of simulated datasets used for the local regression> 
[task1@cluster20;16:42:03]            t:<number of the transformation (1,2,3 or 4)> 
[task1@cluster20;16:42:03]            p:<o for original, c for composite, oc for both> 
[task1@cluster20;16:42:03]            d:<number of requested test data sets> 
[task1@cluster20;16:42:03]            h:<histparameter values/priors (see below)> 
[task1@cluster20;16:42:03]                 histparameter values (separated by a space): <parameter name>=<parameter value> 
[task1@cluster20;16:42:03]                 histparameter priors (separated by a space): <parameter name>=<parameter prior as in header.txt> 
[task1@cluster20;16:42:03]            u:<mutparameter values/priors for successive groups (see below)> groups are named G1, G2 and separated by a star : G1*G2-... 
[task1@cluster20;16:42:03]                 mutparameter values/priors of a given as a set of 6 values/priors : Gx(vx1,vx2,vx3,vx4,vx5,vx6) with : 
[task1@cluster20;16:42:03]                 vx1=<mean mutation rate/prior for group x>    vx2=<shape value/locus mutation rate prior for group x> 
[task1@cluster20;16:42:03]                 vx3=<mean P value/mean P prior for group x>   vx4=<shape value/locus P prior for group x> 
[task1@cluster20;16:42:03]                 vx5 and vx6 correspond to sni mutation rate. 
[task1@cluster20;16:42:03]                 For a DNA sequence group, replace P and sni by k1 and k2 respectively 
[task1@cluster20;16:42:03] -f for CONFIDENCE IN SCENARIO CHOICE COMPUTATIONS (idem) 
[task1@cluster20;16:42:03]            s:<chosen scenarios among which to choose< 
[task1@cluster20;16:42:03]            r:<chosen scenario to be tested< 
[task1@cluster20;16:42:03]            n:<number of simulated datasets taken from reftable> 
[task1@cluster20;16:42:03]            t:<number of requested test data sets> 
[task1@cluster20;16:42:03]            d:<number of simulated datasets used in the direct approach> 
[task1@cluster20;16:42:03]            l:<number of simulated datasets used in the logistic regression> 
[task1@cluster20;16:42:03]            m:<number of requested logistic regressions> 
[task1@cluster20;16:42:03]            h:<histparameter values/priors (as in bias/precision)> 
[task1@cluster20;16:42:03]            u:<mutparameter values/priors for successive groups (as in bias/precision) 
[task1@cluster20;16:42:03]            f:<0 if logistic regression on SS, 1 if logistic regression on FDA components> 
[task1@cluster20;16:42:03] -d for ABC PRIOR/SCENARIO CHECKING (idem) 
[task1@cluster20;16:42:03]            a:<p for PCA, l for locate observed, pl for both> 
[task1@cluster20;16:42:03] -j for ABC MODEL CHECKING (idem) 
[task1@cluster20;16:42:03]            s:<chosen scenario[s separated by a comma]> 
[task1@cluster20;16:42:03]            n:<number of simulated datasets taken from reftable> 
[task1@cluster20;16:42:03]            m:<number of simulated datasets used for the local regression> 
[task1@cluster20;16:42:03]            q:<number of datasets simulated from posterior> 
[task1@cluster20;16:42:03]            t:<number of the transformation (1,2,3 or 4)> 
[task1@cluster20;16:42:03]            v:<list of summary stat names separated by a comma (if empty keep those of reftable)> 
[task1@cluster20;16:42:03] -k for SIMULATE GENEPOP DATA FILES 
[task1@cluster20;16:42:03] option -p is compulsory 
[task1@cluster20;16:42:03] Task terminated, localspace : /tmp/PA_JVM56152330/cluclu/107/-632893584 
